<?xml version="1.0" encoding="UTF-8"?>
<!-- Generated by org.testng.reporters.JUnitXMLReporter -->
<testsuite hostname="NDATSTNPC102" name="Default test" tests="5" failures="0" timestamp="7 Sep 2018 09:17:39 GMT" time="126.444" errors="0">
  <testcase name="DataProviderTest1" time="54.745" classname="SeleniumTests.IntraNetLogin"/>
  <testcase name="GmailLogin" time="0.002" classname="SeleniumTests.IntraNetLogin"/>
  <testcase name="ParameterTest" time="44.036" classname="SeleniumTests.IntraNetLogin"/>
  <testcase name="launchUrl" time="27.224" classname="SeleniumTests.TestNgTest1"/>
  <testcase name="SelectRadio" time="0.404" classname="SeleniumTests.TestNgTest1"/>
</testsuite> <!-- Default test -->
