<?xml version="1.0" encoding="UTF-8"?>
<testng-results skipped="0" failed="0" total="5" passed="5">
  <reporter-output>
  </reporter-output>
  <suite name="Default suite" duration-ms="126444" started-at="2018-09-07T09:15:33Z" finished-at="2018-09-07T09:17:39Z">
    <groups>
    </groups>
    <test name="Default test" duration-ms="126444" started-at="2018-09-07T09:15:33Z" finished-at="2018-09-07T09:17:39Z">
      <class name="SeleniumTests.TestNgTest1">
        <test-method status="PASS" signature="beforeMethod()[pri:0, instance:SeleniumTests.TestNgTest1@73e4dd9]" name="beforeMethod" is-config="true" duration-ms="0" started-at="2018-09-07T14:47:12Z" finished-at="2018-09-07T14:47:12Z">
          <reporter-output>
          </reporter-output>
        </test-method> <!-- beforeMethod -->
        <test-method status="PASS" signature="launchUrl()[pri:0, instance:SeleniumTests.TestNgTest1@73e4dd9]" name="launchUrl" duration-ms="27224" started-at="2018-09-07T14:47:12Z" finished-at="2018-09-07T14:47:39Z">
          <reporter-output>
          </reporter-output>
        </test-method> <!-- launchUrl -->
        <test-method status="PASS" signature="SelectRadio()[pri:1, instance:SeleniumTests.TestNgTest1@73e4dd9]" name="SelectRadio" duration-ms="404" started-at="2018-09-07T14:47:39Z" finished-at="2018-09-07T14:47:39Z">
          <reporter-output>
          </reporter-output>
        </test-method> <!-- SelectRadio -->
      </class> <!-- SeleniumTests.TestNgTest1 -->
      <class name="SeleniumTests.IntraNetLogin">
        <test-method status="PASS" signature="initiliaze()[pri:0, instance:SeleniumTests.IntraNetLogin@66bf066a]" name="initiliaze" is-config="true" duration-ms="16" started-at="2018-09-07T14:45:33Z" finished-at="2018-09-07T14:45:33Z">
          <reporter-output>
          </reporter-output>
        </test-method> <!-- initiliaze -->
        <test-method status="PASS" signature="DataProviderTest1(java.lang.String, java.lang.String)[pri:0, instance:SeleniumTests.IntraNetLogin@66bf066a]" name="DataProviderTest1" duration-ms="54745" started-at="2018-09-07T14:45:33Z" data-provider="data" finished-at="2018-09-07T14:46:28Z">
          <params>
            <param index="0">
              <value>
                <![CDATA[kamal.uniyal]]>
              </value>
            </param>
            <param index="1">
              <value>
                <![CDATA[Wednesday@123]]>
              </value>
            </param>
          </params>
          <reporter-output>
          </reporter-output>
        </test-method> <!-- DataProviderTest1 -->
        <test-method status="PASS" signature="GmailLogin()[pri:0, instance:SeleniumTests.IntraNetLogin@66bf066a]" name="GmailLogin" duration-ms="2" started-at="2018-09-07T14:46:28Z" finished-at="2018-09-07T14:46:28Z">
          <reporter-output>
          </reporter-output>
        </test-method> <!-- GmailLogin -->
        <test-method status="PASS" signature="ParameterTest(java.lang.String, java.lang.String)[pri:0, instance:SeleniumTests.IntraNetLogin@66bf066a]" name="ParameterTest" duration-ms="44036" started-at="2018-09-07T14:46:28Z" finished-at="2018-09-07T14:47:12Z">
          <params>
            <param index="0">
              <value>
                <![CDATA[kamal.uniyal]]>
              </value>
            </param>
            <param index="1">
              <value>
                <![CDATA[Wednesday@123]]>
              </value>
            </param>
          </params>
          <reporter-output>
          </reporter-output>
        </test-method> <!-- ParameterTest -->
      </class> <!-- SeleniumTests.IntraNetLogin -->
    </test> <!-- Default test -->
  </suite> <!-- Default suite -->
</testng-results>
